<?xml version="1.0" encoding="UTF-8"?>
<testsuite name="BullsCowsTest" tests="1" skipped="0" failures="0" errors="0" timestamp="2021-04-14T17:19:35" hostname="LAPTOP-SSV1POPC" time="3.11">
  <properties/>
  <testcase name="start" classname="BullsCowsTest" time="3.11"/>
  <system-out><![CDATA[?[1;31m
Start test 1?[0m
Please, enter the secret code's length:
> 1
Input the number of possible symbols in the code:
> 10
The secret is prepared: * (0-9, null).
Okay, let's start a game!
Turn 1:
> 0
Grade: None
Turn 2:
> 1
Grade: None
Turn 3:
> 2
Grade: 1 bull
Congratulations! You guessed the secret code.
?[1;31m
Start test 2?[0m
Please, enter the secret code's length:
> 4
Input the number of possible symbols in the code:
> 10
The secret is prepared: **** (0-9, null).
Okay, let's start a game!
Turn 1:
> 0000
Grade: None
Turn 2:
> 1111
Grade: 1 bull and 3 cows
Turn 3:
> 2222
Grade: None
Turn 4:
> 3333
Grade: 1 bull and 3 cows
Turn 5:
> 4444
Grade: None
Turn 6:
> 5555
Grade: 1 bull and 3 cows
Turn 7:
> 6666
Grade: None
Turn 8:
> 7777
Grade: 1 bull and 3 cows
Turn 9:
> 1357
Grade: 1 bull and 3 cows
Turn 10:
> 3157
Grade: 2 bulls and 2 cows
Turn 11:
> 5137
Grade: 1 bull and 3 cows
Turn 12:
> 1537
Grade: 2 bulls and 2 cows
Turn 13:
> 3517
Grade: 4 bulls
Congratulations! You guessed the secret code.
?[1;31m
Start test 3?[0m
Please, enter the secret code's length:
> 6
Input the number of possible symbols in the code:
> 10
The secret is prepared: ****** (0-9, null).
Okay, let's start a game!
Turn 1:
> 000000
Grade: 1 bull and 5 cows
Turn 2:
> 111111
Grade: 1 bull and 5 cows
Turn 3:
> 222222
Grade: None
Turn 4:
> 333333
Grade: 1 bull and 5 cows
Turn 5:
> 444444
Grade: None
Turn 6:
> 555555
Grade: 1 bull and 5 cows
Turn 7:
> 666666
Grade: 1 bull and 5 cows
Turn 8:
> 777777
Grade: 1 bull and 5 cows
Turn 9:
> 013567
Grade: 1 bull and 5 cows
Turn 10:
> 103567
Grade: 2 bulls and 4 cows
Turn 11:
> 301567
Grade: 1 bull and 5 cows
Turn 12:
> 031567
Grade: 1 bull and 5 cows
Turn 13:
> 130567
Grade: 2 bulls and 4 cows
Turn 14:
> 310567
Grade: 1 bull and 5 cows
Turn 15:
> 510367
Grade: 2 bulls and 4 cows
Turn 16:
> 150367
Grade: 3 bulls and 3 cows
Turn 17:
> 051367
Grade: 2 bulls and 4 cows
Turn 18:
> 501367
Grade: 2 bulls and 4 cows
Turn 19:
> 105367
Grade: 4 bulls and 2 cows
Turn 20:
> 015367
Grade: 3 bulls and 3 cows
Turn 21:
> 035167
Grade: 2 bulls and 4 cows
Turn 22:
> 305167
Grade: 2 bulls and 4 cows
Turn 23:
> 503167
Grade: 1 bull and 5 cows
Turn 24:
> 053167
Grade: 1 bull and 5 cows
Turn 25:
> 350167
Grade: 1 bull and 5 cows
Turn 26:
> 530167
Grade: 1 bull and 5 cows
Turn 27:
> 531067
Grade: 1 bull and 5 cows
Turn 28:
> 351067
Grade: 1 bull and 5 cows
Turn 29:
> 153067
Grade: 2 bulls and 4 cows
Turn 30:
> 513067
Grade: 1 bull and 5 cows
Turn 31:
> 315067
Grade: 2 bulls and 4 cows
Turn 32:
> 135067
Grade: 3 bulls and 3 cows
Turn 33:
> 635017
Grade: 2 bulls and 4 cows
Turn 34:
> 365017
Grade: 3 bulls and 3 cows
Turn 35:
> 563017
Grade: 2 bulls and 4 cows
Turn 36:
> 653017
Grade: 1 bull and 5 cows
Turn 37:
> 356017
Grade: 1 bull and 5 cows
Turn 38:
> 536017
Grade: 1 bull and 5 cows
Turn 39:
> 036517
Grade: 1 bull and 5 cows
Turn 40:
> 306517
Grade: 1 bull and 5 cows
Turn 41:
> 603517
Grade: 1 bull and 5 cows
Turn 42:
> 063517
Grade: 2 bulls and 4 cows
Turn 43:
> 360517
Grade: 2 bulls and 4 cows
Turn 44:
> 630517
Grade: 1 bull and 5 cows
Turn 45:
> 650317
Grade: 2 bulls and 4 cows
Turn 46:
> 560317
Grade: 3 bulls and 3 cows
Turn 47:
> 065317
Grade: 4 bulls and 2 cows
Turn 48:
> 605317
Grade: 3 bulls and 3 cows
Turn 49:
> 506317
Grade: 2 bulls and 4 cows
Turn 50:
> 056317
Grade: 2 bulls and 4 cows
Turn 51:
> 053617
Grade: 1 bull and 5 cows
Turn 52:
> 503617
Grade: 1 bull and 5 cows
Turn 53:
> 305617
Grade: 2 bulls and 4 cows
Turn 54:
> 035617
Grade: 2 bulls and 4 cows
Turn 55:
> 530617
Grade: 1 bull and 5 cows
Turn 56:
> 350617
Grade: 1 bull and 5 cows
Turn 57:
> 150637
Grade: 2 bulls and 4 cows
Turn 58:
> 510637
Grade: 1 bull and 5 cows
Turn 59:
> 015637
Grade: 2 bulls and 4 cows
Turn 60:
> 105637
Grade: 3 bulls and 3 cows
Turn 61:
> 501637
Grade: 1 bull and 5 cows
Turn 62:
> 051637
Grade: 1 bull and 5 cows
Turn 63:
> 651037
Grade: 1 bull and 5 cows
Turn 64:
> 561037
Grade: 2 bulls and 4 cows
Turn 65:
> 165037
Grade: 4 bulls and 2 cows
Turn 66:
> 615037
Grade: 2 bulls and 4 cows
Turn 67:
> 516037
Grade: 1 bull and 5 cows
Turn 68:
> 156037
Grade: 2 bulls and 4 cows
Turn 69:
> 106537
Grade: 2 bulls and 4 cows
Turn 70:
> 016537
Grade: 1 bull and 5 cows
Turn 71:
> 610537
Grade: 1 bull and 5 cows
Turn 72:
> 160537
Grade: 3 bulls and 3 cows
Turn 73:
> 061537
Grade: 2 bulls and 4 cows
Turn 74:
> 601537
Grade: 1 bull and 5 cows
Turn 75:
> 605137
Grade: 2 bulls and 4 cows
Turn 76:
> 065137
Grade: 3 bulls and 3 cows
Turn 77:
> 560137
Grade: 2 bulls and 4 cows
Turn 78:
> 650137
Grade: 1 bull and 5 cows
Turn 79:
> 056137
Grade: 1 bull and 5 cows
Turn 80:
> 506137
Grade: 1 bull and 5 cows
Turn 81:
> 306157
Grade: 1 bull and 5 cows
Turn 82:
> 036157
Grade: 1 bull and 5 cows
Turn 83:
> 630157
Grade: 1 bull and 5 cows
Turn 84:
> 360157
Grade: 2 bulls and 4 cows
Turn 85:
> 063157
Grade: 2 bulls and 4 cows
Turn 86:
> 603157
Grade: 1 bull and 5 cows
Turn 87:
> 103657
Grade: 2 bulls and 4 cows
Turn 88:
> 013657
Grade: 1 bull and 5 cows
Turn 89:
> 310657
Grade: 1 bull and 5 cows
Turn 90:
> 130657
Grade: 2 bulls and 4 cows
Turn 91:
> 031657
Grade: 1 bull and 5 cows
Turn 92:
> 301657
Grade: 1 bull and 5 cows
Turn 93:
> 361057
Grade: 2 bulls and 4 cows
Turn 94:
> 631057
Grade: 1 bull and 5 cows
Turn 95:
> 136057
Grade: 2 bulls and 4 cows
Turn 96:
> 316057
Grade: 1 bull and 5 cows
Turn 97:
> 613057
Grade: 1 bull and 5 cows
Turn 98:
> 163057
Grade: 3 bulls and 3 cows
Turn 99:
> 160357
Grade: 4 bulls and 2 cows
Turn 100:
> 610357
Grade: 2 bulls and 4 cows
Turn 101:
> 016357
Grade: 2 bulls and 4 cows
Turn 102:
> 106357
Grade: 3 bulls and 3 cows
Turn 103:
> 601357
Grade: 2 bulls and 4 cows
Turn 104:
> 061357
Grade: 3 bulls and 3 cows
Turn 105:
> 561307
Grade: 4 bulls and 2 cows
Turn 106:
> 651307
Grade: 3 bulls and 3 cows
Turn 107:
> 156307
Grade: 4 bulls and 2 cows
Turn 108:
> 516307
Grade: 3 bulls and 3 cows
Turn 109:
> 615307
Grade: 4 bulls and 2 cows
Turn 110:
> 165307
Grade: 6 bulls
Congratulations! You guessed the secret code.
?[1;31m
Start test 4?[0m
Please, enter the secret code's length:
> 4
Input the number of possible symbols in the code:
> 16
The secret is prepared: **** (0-9, a-f).
Okay, let's start a game!
Turn 1:
> 0000
Grade: None
Turn 2:
> 1111
Grade: 1 bull and 3 cows
Turn 3:
> 2222
Grade: 1 bull and 3 cows
Turn 4:
> 3333
Grade: None
Turn 5:
> 4444
Grade: None
Turn 6:
> 5555
Grade: None
Turn 7:
> 6666
Grade: 1 bull and 3 cows
Turn 8:
> 7777
Grade: None
Turn 9:
> 8888
Grade: None
Turn 10:
> 9999
Grade: None
Turn 11:
> aaaa
Grade: None
Turn 12:
> bbbb
Grade: None
Turn 13:
> cccc
Grade: None
Turn 14:
> dddd
Grade: 1 bull and 3 cows
Turn 15:
> 126d
Grade: 4 cows
Turn 16:
> 216d
Grade: 4 cows
Turn 17:
> 612d
Grade: 2 bulls and 2 cows
Turn 18:
> 162d
Grade: 1 bull and 3 cows
Turn 19:
> 261d
Grade: 4 cows
Turn 20:
> 621d
Grade: 1 bull and 3 cows
Turn 21:
> d216
Grade: 4 cows
Turn 22:
> 2d16
Grade: 1 bull and 3 cows
Turn 23:
> 1d26
Grade: 2 bulls and 2 cows
Turn 24:
> d126
Grade: 1 bull and 3 cows
Turn 25:
> 21d6
Grade: 4 cows
Turn 26:
> 12d6
Grade: 4 cows
Turn 27:
> 16d2
Grade: 4 cows
Turn 28:
> 61d2
Grade: 1 bull and 3 cows
Turn 29:
> d162
Grade: 4 cows
Turn 30:
> 1d62
Grade: 1 bull and 3 cows
Turn 31:
> 6d12
Grade: 2 bulls and 2 cows
Turn 32:
> d612
Grade: 4 cows
Turn 33:
> d621
Grade: 2 bulls and 2 cows
Turn 34:
> 6d21
Grade: 4 bulls
Congratulations! You guessed the secret code.
?[1;31m
Start test 5?[0m
Please, enter the secret code's length:
> 6
Input the number of possible symbols in the code:
> 36
The secret is prepared: ****** (0-9, a-z).
Okay, let's start a game!
Turn 1:
> 000000
Grade: None
Turn 2:
> 111111
Grade: None
Turn 3:
> 222222
Grade: 1 bull and 5 cows
Turn 4:
> 333333
Grade: None
Turn 5:
> 444444
Grade: 1 bull and 5 cows
Turn 6:
> 555555
Grade: None
Turn 7:
> 666666
Grade: None
Turn 8:
> 777777
Grade: None
Turn 9:
> 888888
Grade: None
Turn 10:
> 999999
Grade: None
Turn 11:
> aaaaaa
Grade: None
Turn 12:
> bbbbbb
Grade: None
Turn 13:
> cccccc
Grade: None
Turn 14:
> dddddd
Grade: None
Turn 15:
> eeeeee
Grade: None
Turn 16:
> ffffff
Grade: 1 bull and 5 cows
Turn 17:
> gggggg
Grade: None
Turn 18:
> hhhhhh
Grade: None
Turn 19:
> iiiiii
Grade: None
Turn 20:
> jjjjjj
Grade: None
Turn 21:
> kkkkkk
Grade: None
Turn 22:
> llllll
Grade: None
Turn 23:
> mmmmmm
Grade: None
Turn 24:
> nnnnnn
Grade: 1 bull and 5 cows
Turn 25:
> oooooo
Grade: None
Turn 26:
> pppppp
Grade: 1 bull and 5 cows
Turn 27:
> qqqqqq
Grade: None
Turn 28:
> rrrrrr
Grade: None
Turn 29:
> ssssss
Grade: None
Turn 30:
> tttttt
Grade: None
Turn 31:
> uuuuuu
Grade: 1 bull and 5 cows
Turn 32:
> 24fnpu
Grade: 1 bull and 5 cows
Turn 33:
> 42fnpu
Grade: 6 cows
Turn 34:
> f24npu
Grade: 6 cows
Turn 35:
> 2f4npu
Grade: 1 bull and 5 cows
Turn 36:
> 4f2npu
Grade: 6 cows
Turn 37:
> f42npu
Grade: 6 cows
Turn 38:
> n42fpu
Grade: 6 cows
Turn 39:
> 4n2fpu
Grade: 6 cows
Turn 40:
> 2n4fpu
Grade: 1 bull and 5 cows
Turn 41:
> n24fpu
Grade: 6 cows
Turn 42:
> 42nfpu
Grade: 1 bull and 5 cows
Turn 43:
> 24nfpu
Grade: 2 bulls and 4 cows
Turn 44:
> 2fn4pu
Grade: 2 bulls and 4 cows
Turn 45:
> f2n4pu
Grade: 1 bull and 5 cows
Turn 46:
> n2f4pu
Grade: 6 cows
Turn 47:
> 2nf4pu
Grade: 1 bull and 5 cows
Turn 48:
> fn24pu
Grade: 6 cows
Turn 49:
> nf24pu
Grade: 6 cows
Turn 50:
> nf42pu
Grade: 6 cows
Turn 51:
> fn42pu
Grade: 6 cows
Turn 52:
> 4nf2pu
Grade: 6 cows
Turn 53:
> n4f2pu
Grade: 6 cows
Turn 54:
> f4n2pu
Grade: 1 bull and 5 cows
Turn 55:
> 4fn2pu
Grade: 1 bull and 5 cows
Turn 56:
> pfn24u
Grade: 2 bulls and 4 cows
Turn 57:
> fpn24u
Grade: 2 bulls and 4 cows
Turn 58:
> npf24u
Grade: 1 bull and 5 cows
Turn 59:
> pnf24u
Grade: 1 bull and 5 cows
Turn 60:
> fnp24u
Grade: 1 bull and 5 cows
Turn 61:
> nfp24u
Grade: 1 bull and 5 cows
Turn 62:
> 2fpn4u
Grade: 2 bulls and 4 cows
Turn 63:
> f2pn4u
Grade: 1 bull and 5 cows
Turn 64:
> p2fn4u
Grade: 1 bull and 5 cows
Turn 65:
> 2pfn4u
Grade: 2 bulls and 4 cows
Turn 66:
> fp2n4u
Grade: 1 bull and 5 cows
Turn 67:
> pf2n4u
Grade: 1 bull and 5 cows
Turn 68:
> pn2f4u
Grade: 1 bull and 5 cows
Turn 69:
> np2f4u
Grade: 1 bull and 5 cows
Turn 70:
> 2pnf4u
Grade: 3 bulls and 3 cows
Turn 71:
> p2nf4u
Grade: 2 bulls and 4 cows
Turn 72:
> n2pf4u
Grade: 1 bull and 5 cows
Turn 73:
> 2npf4u
Grade: 2 bulls and 4 cows
Turn 74:
> 2nfp4u
Grade: 3 bulls and 3 cows
Turn 75:
> n2fp4u
Grade: 2 bulls and 4 cows
Turn 76:
> f2np4u
Grade: 3 bulls and 3 cows
Turn 77:
> 2fnp4u
Grade: 4 bulls and 2 cows
Turn 78:
> nf2p4u
Grade: 2 bulls and 4 cows
Turn 79:
> fn2p4u
Grade: 2 bulls and 4 cows
Turn 80:
> 4n2pfu
Grade: 1 bull and 5 cows
Turn 81:
> n42pfu
Grade: 1 bull and 5 cows
Turn 82:
> 24npfu
Grade: 3 bulls and 3 cows
Turn 83:
> 42npfu
Grade: 2 bulls and 4 cows
Turn 84:
> n24pfu
Grade: 1 bull and 5 cows
Turn 85:
> 2n4pfu
Grade: 2 bulls and 4 cows
Turn 86:
> pn42fu
Grade: 6 cows
Turn 87:
> np42fu
Grade: 6 cows
Turn 88:
> 4pn2fu
Grade: 1 bull and 5 cows
Turn 89:
> p4n2fu
Grade: 1 bull and 5 cows
Turn 90:
> n4p2fu
Grade: 6 cows
Turn 91:
> 4np2fu
Grade: 6 cows
Turn 92:
> 42pnfu
Grade: 6 cows
Turn 93:
> 24pnfu
Grade: 1 bull and 5 cows
Turn 94:
> p42nfu
Grade: 6 cows
Turn 95:
> 4p2nfu
Grade: 6 cows
Turn 96:
> 2p4nfu
Grade: 1 bull and 5 cows
Turn 97:
> p24nfu
Grade: 6 cows
Turn 98:
> p2n4fu
Grade: 1 bull and 5 cows
Turn 99:
> 2pn4fu
Grade: 2 bulls and 4 cows
Turn 100:
> np24fu
Grade: 6 cows
Turn 101:
> pn24fu
Grade: 6 cows
Turn 102:
> 2np4fu
Grade: 1 bull and 5 cows
Turn 103:
> n2p4fu
Grade: 6 cows
Turn 104:
> f2p4nu
Grade: 6 cows
Turn 105:
> 2fp4nu
Grade: 1 bull and 5 cows
Turn 106:
> pf24nu
Grade: 6 cows
Turn 107:
> fp24nu
Grade: 6 cows
Turn 108:
> 2pf4nu
Grade: 1 bull and 5 cows
Turn 109:
> p2f4nu
Grade: 6 cows
Turn 110:
> 42fpnu
Grade: 1 bull and 5 cows
Turn 111:
> 24fpnu
Grade: 2 bulls and 4 cows
Turn 112:
> f42pnu
Grade: 1 bull and 5 cows
Turn 113:
> 4f2pnu
Grade: 1 bull and 5 cows
Turn 114:
> 2f4pnu
Grade: 2 bulls and 4 cows
Turn 115:
> f24pnu
Grade: 1 bull and 5 cows
Turn 116:
> fp42nu
Grade: 6 cows
Turn 117:
> pf42nu
Grade: 6 cows
Turn 118:
> 4fp2nu
Grade: 6 cows
Turn 119:
> f4p2nu
Grade: 6 cows
Turn 120:
> p4f2nu
Grade: 6 cows
Turn 121:
> 4pf2nu
Grade: 6 cows
Turn 122:
> 4p2fnu
Grade: 6 cows
Turn 123:
> p42fnu
Grade: 6 cows
Turn 124:
> 24pfnu
Grade: 1 bull and 5 cows
Turn 125:
> 42pfnu
Grade: 6 cows
Turn 126:
> p24fnu
Grade: 6 cows
Turn 127:
> 2p4fnu
Grade: 1 bull and 5 cows
Turn 128:
> np4f2u
Grade: 6 cows
Turn 129:
> pn4f2u
Grade: 6 cows
Turn 130:
> 4npf2u
Grade: 6 cows
Turn 131:
> n4pf2u
Grade: 6 cows
Turn 132:
> p4nf2u
Grade: 1 bull and 5 cows
Turn 133:
> 4pnf2u
Grade: 1 bull and 5 cows
Turn 134:
> fpn42u
Grade: 1 bull and 5 cows
Turn 135:
> pfn42u
Grade: 1 bull and 5 cows
Turn 136:
> nfp42u
Grade: 6 cows
Turn 137:
> fnp42u
Grade: 6 cows
Turn 138:
> pnf42u
Grade: 6 cows
Turn 139:
> npf42u
Grade: 6 cows
Turn 140:
> n4fp2u
Grade: 1 bull and 5 cows
Turn 141:
> 4nfp2u
Grade: 1 bull and 5 cows
Turn 142:
> fn4p2u
Grade: 1 bull and 5 cows
Turn 143:
> nf4p2u
Grade: 1 bull and 5 cows
Turn 144:
> 4fnp2u
Grade: 2 bulls and 4 cows
Turn 145:
> f4np2u
Grade: 2 bulls and 4 cows
Turn 146:
> f4pn2u
Grade: 6 cows
Turn 147:
> 4fpn2u
Grade: 6 cows
Turn 148:
> pf4n2u
Grade: 6 cows
Turn 149:
> fp4n2u
Grade: 6 cows
Turn 150:
> 4pfn2u
Grade: 6 cows
Turn 151:
> p4fn2u
Grade: 6 cows
Turn 152:
> u4fn2p
Grade: 6 cows
Turn 153:
> 4ufn2p
Grade: 1 bull and 5 cows
Turn 154:
> fu4n2p
Grade: 1 bull and 5 cows
Turn 155:
> uf4n2p
Grade: 6 cows
Turn 156:
> 4fun2p
Grade: 6 cows
Turn 157:
> f4un2p
Grade: 6 cows
Turn 158:
> n4uf2p
Grade: 6 cows
Turn 159:
> 4nuf2p
Grade: 6 cows
Turn 160:
> un4f2p
Grade: 6 cows
Turn 161:
> nu4f2p
Grade: 1 bull and 5 cows
Turn 162:
> 4unf2p
Grade: 2 bulls and 4 cows
Turn 163:
> u4nf2p
Grade: 1 bull and 5 cows
Turn 164:
> ufn42p
Grade: 1 bull and 5 cows
Turn 165:
> fun42p
Grade: 2 bulls and 4 cows
Turn 166:
> nuf42p
Grade: 1 bull and 5 cows
Turn 167:
> unf42p
Grade: 6 cows
Turn 168:
> fnu42p
Grade: 6 cows
Turn 169:
> nfu42p
Grade: 6 cows
Turn 170:
> nf4u2p
Grade: 6 cows
Turn 171:
> fn4u2p
Grade: 6 cows
Turn 172:
> 4nfu2p
Grade: 6 cows
Turn 173:
> n4fu2p
Grade: 6 cows
Turn 174:
> f4nu2p
Grade: 1 bull and 5 cows
Turn 175:
> 4fnu2p
Grade: 1 bull and 5 cows
Turn 176:
> 2fnu4p
Grade: 3 bulls and 3 cows
Turn 177:
> f2nu4p
Grade: 2 bulls and 4 cows
Turn 178:
> n2fu4p
Grade: 1 bull and 5 cows
Turn 179:
> 2nfu4p
Grade: 2 bulls and 4 cows
Turn 180:
> fn2u4p
Grade: 1 bull and 5 cows
Turn 181:
> nf2u4p
Grade: 1 bull and 5 cows
Turn 182:
> uf2n4p
Grade: 1 bull and 5 cows
Turn 183:
> fu2n4p
Grade: 2 bulls and 4 cows
Turn 184:
> 2ufn4p
Grade: 3 bulls and 3 cows
Turn 185:
> u2fn4p
Grade: 1 bull and 5 cows
Turn 186:
> f2un4p
Grade: 1 bull and 5 cows
Turn 187:
> 2fun4p
Grade: 2 bulls and 4 cows
Turn 188:
> 2nuf4p
Grade: 2 bulls and 4 cows
Turn 189:
> n2uf4p
Grade: 1 bull and 5 cows
Turn 190:
> u2nf4p
Grade: 2 bulls and 4 cows
Turn 191:
> 2unf4p
Grade: 4 bulls and 2 cows
Turn 192:
> nu2f4p
Grade: 2 bulls and 4 cows
Turn 193:
> un2f4p
Grade: 1 bull and 5 cows
Turn 194:
> unf24p
Grade: 1 bull and 5 cows
Turn 195:
> nuf24p
Grade: 2 bulls and 4 cows
Turn 196:
> fun24p
Grade: 3 bulls and 3 cows
Turn 197:
> ufn24p
Grade: 2 bulls and 4 cows
Turn 198:
> nfu24p
Grade: 1 bull and 5 cows
Turn 199:
> fnu24p
Grade: 1 bull and 5 cows
Turn 200:
> 4nu2fp
Grade: 6 cows
Turn 201:
> n4u2fp
Grade: 6 cows
Turn 202:
> u4n2fp
Grade: 1 bull and 5 cows
Turn 203:
> 4un2fp
Grade: 2 bulls and 4 cows
Turn 204:
> nu42fp
Grade: 1 bull and 5 cows
Turn 205:
> un42fp
Grade: 6 cows
Turn 206:
> 2n4ufp
Grade: 1 bull and 5 cows
Turn 207:
> n24ufp
Grade: 6 cows
Turn 208:
> 42nufp
Grade: 1 bull and 5 cows
Turn 209:
> 24nufp
Grade: 2 bulls and 4 cows
Turn 210:
> n42ufp
Grade: 6 cows
Turn 211:
> 4n2ufp
Grade: 6 cows
Turn 212:
> 4u2nfp
Grade: 1 bull and 5 cows
Turn 213:
> u42nfp
Grade: 6 cows
Turn 214:
> 24unfp
Grade: 1 bull and 5 cows
Turn 215:
> 42unfp
Grade: 6 cows
Turn 216:
> u24nfp
Grade: 6 cows
Turn 217:
> 2u4nfp
Grade: 2 bulls and 4 cows
Turn 218:
> 2un4fp
Grade: 3 bulls and 3 cows
Turn 219:
> u2n4fp
Grade: 1 bull and 5 cows
Turn 220:
> n2u4fp
Grade: 6 cows
Turn 221:
> 2nu4fp
Grade: 1 bull and 5 cows
Turn 222:
> un24fp
Grade: 6 cows
Turn 223:
> nu24fp
Grade: 1 bull and 5 cows
Turn 224:
> fu24np
Grade: 1 bull and 5 cows
Turn 225:
> uf24np
Grade: 6 cows
Turn 226:
> 2fu4np
Grade: 1 bull and 5 cows
Turn 227:
> f2u4np
Grade: 6 cows
Turn 228:
> u2f4np
Grade: 6 cows
Turn 229:
> 2uf4np
Grade: 2 bulls and 4 cows
Turn 230:
> 4uf2np
Grade: 1 bull and 5 cows
Turn 231:
> u4f2np
Grade: 6 cows
Turn 232:
> f4u2np
Grade: 6 cows
Turn 233:
> 4fu2np
Grade: 6 cows
Turn 234:
> uf42np
Grade: 6 cows
Turn 235:
> fu42np
Grade: 1 bull and 5 cows
Turn 236:
> f24unp
Grade: 6 cows
Turn 237:
> 2f4unp
Grade: 1 bull and 5 cows
Turn 238:
> 4f2unp
Grade: 6 cows
Turn 239:
> f42unp
Grade: 6 cows
Turn 240:
> 24funp
Grade: 1 bull and 5 cows
Turn 241:
> 42funp
Grade: 6 cows
Turn 242:
> 42ufnp
Grade: 6 cows
Turn 243:
> 24ufnp
Grade: 1 bull and 5 cows
Turn 244:
> u42fnp
Grade: 6 cows
Turn 245:
> 4u2fnp
Grade: 1 bull and 5 cows
Turn 246:
> 2u4fnp
Grade: 2 bulls and 4 cows
Turn 247:
> u24fnp
Grade: 6 cows
Turn 248:
> n24fup
Grade: 6 cows
Turn 249:
> 2n4fup
Grade: 1 bull and 5 cows
Turn 250:
> 4n2fup
Grade: 6 cows
Turn 251:
> n42fup
Grade: 6 cows
Turn 252:
> 24nfup
Grade: 2 bulls and 4 cows
Turn 253:
> 42nfup
Grade: 1 bull and 5 cows
Turn 254:
> f2n4up
Grade: 1 bull and 5 cows
Turn 255:
> 2fn4up
Grade: 2 bulls and 4 cows
Turn 256:
> nf24up
Grade: 6 cows
Turn 257:
> fn24up
Grade: 6 cows
Turn 258:
> 2nf4up
Grade: 1 bull and 5 cows
Turn 259:
> n2f4up
Grade: 6 cows
Turn 260:
> n4f2up
Grade: 6 cows
Turn 261:
> 4nf2up
Grade: 6 cows
Turn 262:
> fn42up
Grade: 6 cows
Turn 263:
> nf42up
Grade: 6 cows
Turn 264:
> 4fn2up
Grade: 1 bull and 5 cows
Turn 265:
> f4n2up
Grade: 1 bull and 5 cows
Turn 266:
> f42nup
Grade: 6 cows
Turn 267:
> 4f2nup
Grade: 6 cows
Turn 268:
> 2f4nup
Grade: 1 bull and 5 cows
Turn 269:
> f24nup
Grade: 6 cows
Turn 270:
> 42fnup
Grade: 6 cows
Turn 271:
> 24fnup
Grade: 1 bull and 5 cows
Turn 272:
> 2pfnu4
Grade: 1 bull and 5 cows
Turn 273:
> p2fnu4
Grade: 6 cows
Turn 274:
> f2pnu4
Grade: 6 cows
Turn 275:
> 2fpnu4
Grade: 1 bull and 5 cows
Turn 276:
> pf2nu4
Grade: 6 cows
Turn 277:
> fp2nu4
Grade: 6 cows
Turn 278:
> np2fu4
Grade: 6 cows
Turn 279:
> pn2fu4
Grade: 6 cows
Turn 280:
> 2npfu4
Grade: 1 bull and 5 cows
Turn 281:
> n2pfu4
Grade: 6 cows
Turn 282:
> p2nfu4
Grade: 1 bull and 5 cows
Turn 283:
> 2pnfu4
Grade: 2 bulls and 4 cows
Turn 284:
> 2fnpu4
Grade: 3 bulls and 3 cows
Turn 285:
> f2npu4
Grade: 2 bulls and 4 cows
Turn 286:
> n2fpu4
Grade: 1 bull and 5 cows
Turn 287:
> 2nfpu4
Grade: 2 bulls and 4 cows
Turn 288:
> fn2pu4
Grade: 1 bull and 5 cows
Turn 289:
> nf2pu4
Grade: 1 bull and 5 cows
Turn 290:
> nfp2u4
Grade: 6 cows
Turn 291:
> fnp2u4
Grade: 6 cows
Turn 292:
> pnf2u4
Grade: 6 cows
Turn 293:
> npf2u4
Grade: 6 cows
Turn 294:
> fpn2u4
Grade: 1 bull and 5 cows
Turn 295:
> pfn2u4
Grade: 1 bull and 5 cows
Turn 296:
> ufn2p4
Grade: 1 bull and 5 cows
Turn 297:
> fun2p4
Grade: 2 bulls and 4 cows
Turn 298:
> nuf2p4
Grade: 1 bull and 5 cows
Turn 299:
> unf2p4
Grade: 6 cows
Turn 300:
> fnu2p4
Grade: 6 cows
Turn 301:
> nfu2p4
Grade: 6 cows
Turn 302:
> 2funp4
Grade: 1 bull and 5 cows
Turn 303:
> f2unp4
Grade: 6 cows
Turn 304:
> u2fnp4
Grade: 6 cows
Turn 305:
> 2ufnp4
Grade: 2 bulls and 4 cows
Turn 306:
> fu2np4
Grade: 1 bull and 5 cows
Turn 307:
> uf2np4
Grade: 6 cows
Turn 308:
> un2fp4
Grade: 6 cows
Turn 309:
> nu2fp4
Grade: 1 bull and 5 cows
Turn 310:
> 2unfp4
Grade: 3 bulls and 3 cows
Turn 311:
> u2nfp4
Grade: 1 bull and 5 cows
Turn 312:
> n2ufp4
Grade: 6 cows
Turn 313:
> 2nufp4
Grade: 1 bull and 5 cows
Turn 314:
> 2nfup4
Grade: 1 bull and 5 cows
Turn 315:
> n2fup4
Grade: 6 cows
Turn 316:
> f2nup4
Grade: 1 bull and 5 cows
Turn 317:
> 2fnup4
Grade: 2 bulls and 4 cows
Turn 318:
> nf2up4
Grade: 6 cows
Turn 319:
> fn2up4
Grade: 6 cows
Turn 320:
> pn2uf4
Grade: 6 cows
Turn 321:
> np2uf4
Grade: 6 cows
Turn 322:
> 2pnuf4
Grade: 2 bulls and 4 cows
Turn 323:
> p2nuf4
Grade: 1 bull and 5 cows
Turn 324:
> n2puf4
Grade: 6 cows
Turn 325:
> 2npuf4
Grade: 1 bull and 5 cows
Turn 326:
> unp2f4
Grade: 6 cows
Turn 327:
> nup2f4
Grade: 1 bull and 5 cows
Turn 328:
> pun2f4
Grade: 2 bulls and 4 cows
Turn 329:
> upn2f4
Grade: 1 bull and 5 cows
Turn 330:
> npu2f4
Grade: 6 cows
Turn 331:
> pnu2f4
Grade: 6 cows
Turn 332:
> p2unf4
Grade: 6 cows
Turn 333:
> 2punf4
Grade: 1 bull and 5 cows
Turn 334:
> up2nf4
Grade: 6 cows
Turn 335:
> pu2nf4
Grade: 1 bull and 5 cows
Turn 336:
> 2upnf4
Grade: 2 bulls and 4 cows
Turn 337:
> u2pnf4
Grade: 6 cows
Turn 338:
> u2npf4
Grade: 2 bulls and 4 cows
Turn 339:
> 2unpf4
Grade: 4 bulls and 2 cows
Turn 340:
> nu2pf4
Grade: 2 bulls and 4 cows
Turn 341:
> un2pf4
Grade: 1 bull and 5 cows
Turn 342:
> 2nupf4
Grade: 2 bulls and 4 cows
Turn 343:
> n2upf4
Grade: 1 bull and 5 cows
Turn 344:
> f2upn4
Grade: 1 bull and 5 cows
Turn 345:
> 2fupn4
Grade: 2 bulls and 4 cows
Turn 346:
> uf2pn4
Grade: 1 bull and 5 cows
Turn 347:
> fu2pn4
Grade: 2 bulls and 4 cows
Turn 348:
> 2ufpn4
Grade: 3 bulls and 3 cows
Turn 349:
> u2fpn4
Grade: 1 bull and 5 cows
Turn 350:
> p2fun4
Grade: 6 cows
Turn 351:
> 2pfun4
Grade: 1 bull and 5 cows
Turn 352:
> fp2un4
Grade: 6 cows
Turn 353:
> pf2un4
Grade: 6 cows
Turn 354:
> 2fpun4
Grade: 1 bull and 5 cows
Turn 355:
> f2pun4
Grade: 6 cows
Turn 356:
> fup2n4
Grade: 1 bull and 5 cows
Turn 357:
> ufp2n4
Grade: 6 cows
Turn 358:
> pfu2n4
Grade: 6 cows
Turn 359:
> fpu2n4
Grade: 6 cows
Turn 360:
> upf2n4
Grade: 6 cows
Turn 361:
> puf2n4
Grade: 1 bull and 5 cows
Turn 362:
> pu2fn4
Grade: 1 bull and 5 cows
Turn 363:
> up2fn4
Grade: 6 cows
Turn 364:
> 2pufn4
Grade: 1 bull and 5 cows
Turn 365:
> p2ufn4
Grade: 6 cows
Turn 366:
> u2pfn4
Grade: 6 cows
Turn 367:
> 2upfn4
Grade: 2 bulls and 4 cows
Turn 368:
> nupf24
Grade: 1 bull and 5 cows
Turn 369:
> unpf24
Grade: 6 cows
Turn 370:
> pnuf24
Grade: 6 cows
Turn 371:
> npuf24
Grade: 6 cows
Turn 372:
> upnf24
Grade: 1 bull and 5 cows
Turn 373:
> punf24
Grade: 2 bulls and 4 cows
Turn 374:
> funp24
Grade: 3 bulls and 3 cows
Turn 375:
> ufnp24
Grade: 2 bulls and 4 cows
Turn 376:
> nfup24
Grade: 1 bull and 5 cows
Turn 377:
> fnup24
Grade: 1 bull and 5 cows
Turn 378:
> unfp24
Grade: 1 bull and 5 cows
Turn 379:
> nufp24
Grade: 2 bulls and 4 cows
Turn 380:
> npfu24
Grade: 6 cows
Turn 381:
> pnfu24
Grade: 6 cows
Turn 382:
> fnpu24
Grade: 6 cows
Turn 383:
> nfpu24
Grade: 6 cows
Turn 384:
> pfnu24
Grade: 1 bull and 5 cows
Turn 385:
> fpnu24
Grade: 1 bull and 5 cows
Turn 386:
> fpun24
Grade: 6 cows
Turn 387:
> pfun24
Grade: 6 cows
Turn 388:
> ufpn24
Grade: 6 cows
Turn 389:
> fupn24
Grade: 1 bull and 5 cows
Turn 390:
> pufn24
Grade: 1 bull and 5 cows
Turn 391:
> upfn24
Grade: 6 cows
Turn 392:
> up4n2f
Grade: 1 bull and 5 cows
Turn 393:
> pu4n2f
Grade: 2 bulls and 4 cows
Turn 394:
> 4upn2f
Grade: 2 bulls and 4 cows
Turn 395:
> u4pn2f
Grade: 1 bull and 5 cows
Turn 396:
> p4un2f
Grade: 1 bull and 5 cows
Turn 397:
> 4pun2f
Grade: 1 bull and 5 cows
Turn 398:
> npu42f
Grade: 1 bull and 5 cows
Turn 399:
> pnu42f
Grade: 1 bull and 5 cows
Turn 400:
> unp42f
Grade: 1 bull and 5 cows
Turn 401:
> nup42f
Grade: 2 bulls and 4 cows
Turn 402:
> pun42f
Grade: 3 bulls and 3 cows
Turn 403:
> upn42f
Grade: 2 bulls and 4 cows
Turn 404:
> u4np2f
Grade: 3 bulls and 3 cows
Turn 405:
> 4unp2f
Grade: 4 bulls and 2 cows
Turn 406:
> nu4p2f
Grade: 3 bulls and 3 cows
Turn 407:
> un4p2f
Grade: 2 bulls and 4 cows
Turn 408:
> 4nup2f
Grade: 2 bulls and 4 cows
Turn 409:
> n4up2f
Grade: 2 bulls and 4 cows
Turn 410:
> n4pu2f
Grade: 1 bull and 5 cows
Turn 411:
> 4npu2f
Grade: 1 bull and 5 cows
Turn 412:
> pn4u2f
Grade: 1 bull and 5 cows
Turn 413:
> np4u2f
Grade: 1 bull and 5 cows
Turn 414:
> 4pnu2f
Grade: 2 bulls and 4 cows
Turn 415:
> p4nu2f
Grade: 2 bulls and 4 cows
Turn 416:
> 24nupf
Grade: 3 bulls and 3 cows
Turn 417:
> 42nupf
Grade: 2 bulls and 4 cows
Turn 418:
> n24upf
Grade: 1 bull and 5 cows
Turn 419:
> 2n4upf
Grade: 2 bulls and 4 cows
Turn 420:
> 4n2upf
Grade: 1 bull and 5 cows
Turn 421:
> n42upf
Grade: 1 bull and 5 cows
Turn 422:
> u42npf
Grade: 1 bull and 5 cows
Turn 423:
> 4u2npf
Grade: 2 bulls and 4 cows
Turn 424:
> 2u4npf
Grade: 3 bulls and 3 cows
Turn 425:
> u24npf
Grade: 1 bull and 5 cows
Turn 426:
> 42unpf
Grade: 1 bull and 5 cows
Turn 427:
> 24unpf
Grade: 2 bulls and 4 cows
Turn 428:
> 2nu4pf
Grade: 2 bulls and 4 cows
Turn 429:
> n2u4pf
Grade: 1 bull and 5 cows
Turn 430:
> u2n4pf
Grade: 2 bulls and 4 cows
Turn 431:
> 2un4pf
Grade: 4 bulls and 2 cows
Turn 432:
> nu24pf
Grade: 2 bulls and 4 cows
Turn 433:
> un24pf
Grade: 1 bull and 5 cows
Turn 434:
> un42pf
Grade: 1 bull and 5 cows
Turn 435:
> nu42pf
Grade: 2 bulls and 4 cows
Turn 436:
> 4un2pf
Grade: 3 bulls and 3 cows
Turn 437:
> u4n2pf
Grade: 2 bulls and 4 cows
Turn 438:
> n4u2pf
Grade: 1 bull and 5 cows
Turn 439:
> 4nu2pf
Grade: 1 bull and 5 cows
Turn 440:
> pnu24f
Grade: 2 bulls and 4 cows
Turn 441:
> npu24f
Grade: 2 bulls and 4 cows
Turn 442:
> upn24f
Grade: 3 bulls and 3 cows
Turn 443:
> pun24f
Grade: 4 bulls and 2 cows
Turn 444:
> nup24f
Grade: 3 bulls and 3 cows
Turn 445:
> unp24f
Grade: 2 bulls and 4 cows
Turn 446:
> 2npu4f
Grade: 3 bulls and 3 cows
Turn 447:
> n2pu4f
Grade: 2 bulls and 4 cows
Turn 448:
> p2nu4f
Grade: 3 bulls and 3 cows
Turn 449:
> 2pnu4f
Grade: 4 bulls and 2 cows
Turn 450:
> np2u4f
Grade: 2 bulls and 4 cows
Turn 451:
> pn2u4f
Grade: 2 bulls and 4 cows
Turn 452:
> pu2n4f
Grade: 3 bulls and 3 cows
Turn 453:
> up2n4f
Grade: 2 bulls and 4 cows
Turn 454:
> 2pun4f
Grade: 3 bulls and 3 cows
Turn 455:
> p2un4f
Grade: 2 bulls and 4 cows
Turn 456:
> u2pn4f
Grade: 2 bulls and 4 cows
Turn 457:
> 2upn4f
Grade: 4 bulls and 2 cows
Turn 458:
> 2unp4f
Grade: 6 bulls
Congratulations! You guessed the secret code.
]]></system-out>
  <system-err><![CDATA[]]></system-err>
</testsuite>
